{"C:\\xampp\\htdocs\\DAW2\\DesarrolloWebEntornoCliente\\buggy_code\\app\\data\\dataset_utils.js": {"path":"C:\\xampp\\htdocs\\DAW2\\DesarrolloWebEntornoCliente\\buggy_code\\app\\data\\dataset_utils.js","statementMap":{"0":{"start":{"line":4,"column":16},"end":{"line":74,"column":1}},"1":{"start":{"line":82,"column":4},"end":{"line":89,"column":5}},"2":{"start":{"line":88,"column":8},"end":{"line":88,"column":20}},"3":{"start":{"line":90,"column":4},"end":{"line":90,"column":17}},"4":{"start":{"line":100,"column":4},"end":{"line":108,"column":5}},"5":{"start":{"line":107,"column":8},"end":{"line":107,"column":20}},"6":{"start":{"line":109,"column":4},"end":{"line":109,"column":17}},"7":{"start":{"line":118,"column":4},"end":{"line":132,"column":5}},"8":{"start":{"line":131,"column":8},"end":{"line":131,"column":20}},"9":{"start":{"line":133,"column":4},"end":{"line":133,"column":17}},"10":{"start":{"line":142,"column":4},"end":{"line":146,"column":5}},"11":{"start":{"line":143,"column":8},"end":{"line":143,"column":20}},"12":{"start":{"line":144,"column":11},"end":{"line":146,"column":5}},"13":{"start":{"line":145,"column":8},"end":{"line":145,"column":20}},"14":{"start":{"line":147,"column":4},"end":{"line":147,"column":17}},"15":{"start":{"line":150,"column":0},"end":{"line":150,"column":37}},"16":{"start":{"line":151,"column":0},"end":{"line":151,"column":36}},"17":{"start":{"line":152,"column":0},"end":{"line":152,"column":24}},"18":{"start":{"line":153,"column":0},"end":{"line":153,"column":30}},"19":{"start":{"line":154,"column":0},"end":{"line":154,"column":36}}},"fnMap":{"0":{"name":"isForward","decl":{"start":{"line":81,"column":9},"end":{"line":81,"column":18}},"loc":{"start":{"line":81,"column":38},"end":{"line":92,"column":1}},"line":81},"1":{"name":"isBack","decl":{"start":{"line":99,"column":9},"end":{"line":99,"column":15}},"loc":{"start":{"line":99,"column":36},"end":{"line":110,"column":1}},"line":99},"2":{"name":"isMidfielder","decl":{"start":{"line":117,"column":9},"end":{"line":117,"column":21}},"loc":{"start":{"line":117,"column":42},"end":{"line":134,"column":1}},"line":117},"3":{"name":"isGoalKeeper","decl":{"start":{"line":141,"column":9},"end":{"line":141,"column":21}},"loc":{"start":{"line":141,"column":42},"end":{"line":148,"column":1}},"line":141}},"branchMap":{"0":{"loc":{"start":{"line":82,"column":4},"end":{"line":89,"column":5}},"type":"if","locations":[{"start":{"line":82,"column":4},"end":{"line":89,"column":5}},{"start":{"line":82,"column":4},"end":{"line":89,"column":5}}],"line":82},"1":{"loc":{"start":{"line":82,"column":7},"end":{"line":87,"column":50}},"type":"binary-expr","locations":[{"start":{"line":82,"column":7},"end":{"line":82,"column":55}},{"start":{"line":83,"column":4},"end":{"line":83,"column":50}},{"start":{"line":84,"column":4},"end":{"line":84,"column":51}},{"start":{"line":85,"column":4},"end":{"line":85,"column":45}},{"start":{"line":86,"column":4},"end":{"line":86,"column":51}},{"start":{"line":87,"column":4},"end":{"line":87,"column":50}}],"line":82},"2":{"loc":{"start":{"line":100,"column":4},"end":{"line":108,"column":5}},"type":"if","locations":[{"start":{"line":100,"column":4},"end":{"line":108,"column":5}},{"start":{"line":100,"column":4},"end":{"line":108,"column":5}}],"line":100},"3":{"loc":{"start":{"line":100,"column":7},"end":{"line":106,"column":54}},"type":"binary-expr","locations":[{"start":{"line":100,"column":7},"end":{"line":100,"column":53}},{"start":{"line":101,"column":4},"end":{"line":101,"column":48}},{"start":{"line":102,"column":4},"end":{"line":102,"column":55}},{"start":{"line":103,"column":4},"end":{"line":103,"column":53}},{"start":{"line":104,"column":4},"end":{"line":104,"column":49}},{"start":{"line":105,"column":4},"end":{"line":105,"column":56}},{"start":{"line":106,"column":4},"end":{"line":106,"column":54}}],"line":100},"4":{"loc":{"start":{"line":118,"column":4},"end":{"line":132,"column":5}},"type":"if","locations":[{"start":{"line":118,"column":4},"end":{"line":132,"column":5}},{"start":{"line":118,"column":4},"end":{"line":132,"column":5}}],"line":118},"5":{"loc":{"start":{"line":118,"column":7},"end":{"line":130,"column":48}},"type":"binary-expr","locations":[{"start":{"line":118,"column":7},"end":{"line":118,"column":69}},{"start":{"line":119,"column":4},"end":{"line":119,"column":66}},{"start":{"line":120,"column":4},"end":{"line":120,"column":56}},{"start":{"line":121,"column":4},"end":{"line":121,"column":64}},{"start":{"line":122,"column":4},"end":{"line":122,"column":61}},{"start":{"line":123,"column":4},"end":{"line":123,"column":64}},{"start":{"line":124,"column":4},"end":{"line":124,"column":54}},{"start":{"line":125,"column":4},"end":{"line":125,"column":65}},{"start":{"line":126,"column":4},"end":{"line":126,"column":62}},{"start":{"line":127,"column":4},"end":{"line":127,"column":65}},{"start":{"line":128,"column":4},"end":{"line":128,"column":55}},{"start":{"line":129,"column":4},"end":{"line":129,"column":49}},{"start":{"line":130,"column":4},"end":{"line":130,"column":48}}],"line":118},"6":{"loc":{"start":{"line":142,"column":4},"end":{"line":146,"column":5}},"type":"if","locations":[{"start":{"line":142,"column":4},"end":{"line":146,"column":5}},{"start":{"line":142,"column":4},"end":{"line":146,"column":5}}],"line":142},"7":{"loc":{"start":{"line":144,"column":11},"end":{"line":146,"column":5}},"type":"if","locations":[{"start":{"line":144,"column":11},"end":{"line":146,"column":5}},{"start":{"line":144,"column":11},"end":{"line":146,"column":5}}],"line":144},"8":{"loc":{"start":{"line":144,"column":14},"end":{"line":144,"column":115}},"type":"binary-expr","locations":[{"start":{"line":144,"column":14},"end":{"line":144,"column":48}},{"start":{"line":144,"column":52},"end":{"line":144,"column":80}},{"start":{"line":144,"column":84},"end":{"line":144,"column":115}}],"line":144}},"s":{"0":1,"1":3,"2":1,"3":2,"4":3,"5":0,"6":3,"7":6,"8":6,"9":0,"10":3,"11":0,"12":3,"13":0,"14":3,"15":1,"16":1,"17":1,"18":1,"19":1},"f":{"0":3,"1":3,"2":6,"3":3},"b":{"0":[1,2],"1":[3,3,3,3,2,2],"2":[0,3],"3":[3,3,3,3,3,3,3],"4":[6,0],"5":[6,6,6,6,6,6,6,6,6,6,6,6,4],"6":[0,3],"7":[0,3],"8":[3,0,0]},"_coverageSchema":"332fd63041d2c1bcb487cc26dd0d5f7d97098a6c","hash":"09c70ccc2bcf06c0fa13e26815aa2a5316da14e2"}
,"C:\\xampp\\htdocs\\DAW2\\DesarrolloWebEntornoCliente\\buggy_code\\app\\data\\json_reader.js": {"path":"C:\\xampp\\htdocs\\DAW2\\DesarrolloWebEntornoCliente\\buggy_code\\app\\data\\json_reader.js","statementMap":{"0":{"start":{"line":1,"column":11},"end":{"line":1,"column":24}},"1":{"start":{"line":2,"column":22},"end":{"line":2,"column":65}},"2":{"start":{"line":3,"column":19},"end":{"line":3,"column":44}},"3":{"start":{"line":4,"column":16},"end":{"line":4,"column":42}},"4":{"start":{"line":12,"column":21},"end":{"line":12,"column":23}},"5":{"start":{"line":13,"column":4},"end":{"line":17,"column":5}},"6":{"start":{"line":14,"column":17},"end":{"line":14,"column":48}},"7":{"start":{"line":15,"column":24},"end":{"line":15,"column":63}},"8":{"start":{"line":16,"column":8},"end":{"line":16,"column":35}},"9":{"start":{"line":18,"column":4},"end":{"line":18,"column":22}},"10":{"start":{"line":28,"column":21},"end":{"line":28,"column":30}},"11":{"start":{"line":29,"column":4},"end":{"line":36,"column":5}},"12":{"start":{"line":30,"column":8},"end":{"line":30,"column":42}},"13":{"start":{"line":32,"column":8},"end":{"line":35,"column":53}},"14":{"start":{"line":33,"column":12},"end":{"line":33,"column":62}},"15":{"start":{"line":35,"column":13},"end":{"line":35,"column":53}},"16":{"start":{"line":37,"column":4},"end":{"line":37,"column":22}},"17":{"start":{"line":40,"column":0},"end":{"line":40,"column":36}},"18":{"start":{"line":41,"column":0},"end":{"line":41,"column":55}}},"fnMap":{"0":{"name":"extractDataFromRawJSON","decl":{"start":{"line":11,"column":9},"end":{"line":11,"column":31}},"loc":{"start":{"line":11,"column":43},"end":{"line":19,"column":1}},"line":11},"1":{"name":"readJSONData","decl":{"start":{"line":27,"column":9},"end":{"line":27,"column":21}},"loc":{"start":{"line":27,"column":31},"end":{"line":38,"column":1}},"line":27}},"branchMap":{"0":{"loc":{"start":{"line":32,"column":8},"end":{"line":35,"column":53}},"type":"if","locations":[{"start":{"line":32,"column":8},"end":{"line":35,"column":53}},{"start":{"line":32,"column":8},"end":{"line":35,"column":53}}],"line":32}},"s":{"0":1,"1":1,"2":1,"3":1,"4":1,"5":1,"6":3,"7":3,"8":3,"9":1,"10":4,"11":4,"12":4,"13":2,"14":1,"15":1,"16":2,"17":1,"18":1},"f":{"0":1,"1":4},"b":{"0":[1,1]},"_coverageSchema":"332fd63041d2c1bcb487cc26dd0d5f7d97098a6c","hash":"91b03c6e63ba04af19c6240da9ae7cd749b4be87"}
,"C:\\xampp\\htdocs\\DAW2\\DesarrolloWebEntornoCliente\\buggy_code\\app\\data\\player.js": {"path":"C:\\xampp\\htdocs\\DAW2\\DesarrolloWebEntornoCliente\\buggy_code\\app\\data\\player.js","statementMap":{"0":{"start":{"line":1,"column":22},"end":{"line":1,"column":48}},"1":{"start":{"line":2,"column":16},"end":{"line":2,"column":46}},"2":{"start":{"line":3,"column":21},"end":{"line":3,"column":47}},"3":{"start":{"line":4,"column":21},"end":{"line":4,"column":47}},"4":{"start":{"line":5,"column":18},"end":{"line":5,"column":41}},"5":{"start":{"line":6,"column":15},"end":{"line":6,"column":35}},"6":{"start":{"line":17,"column":8},"end":{"line":17,"column":27}},"7":{"start":{"line":27,"column":21},"end":{"line":27,"column":41}},"8":{"start":{"line":29,"column":8},"end":{"line":29,"column":52}},"9":{"start":{"line":30,"column":8},"end":{"line":30,"column":49}},"10":{"start":{"line":31,"column":8},"end":{"line":31,"column":55}},"11":{"start":{"line":32,"column":8},"end":{"line":32,"column":47}},"12":{"start":{"line":33,"column":8},"end":{"line":33,"column":49}},"13":{"start":{"line":34,"column":8},"end":{"line":34,"column":63}},"14":{"start":{"line":35,"column":8},"end":{"line":35,"column":58}},"15":{"start":{"line":37,"column":19},"end":{"line":37,"column":31}},"16":{"start":{"line":38,"column":19},"end":{"line":38,"column":49}},"17":{"start":{"line":39,"column":21},"end":{"line":39,"column":22}},"18":{"start":{"line":42,"column":8},"end":{"line":53,"column":9}},"19":{"start":{"line":43,"column":26},"end":{"line":43,"column":61}},"20":{"start":{"line":44,"column":13},"end":{"line":44,"column":41}},"21":{"start":{"line":45,"column":12},"end":{"line":45,"column":35}},"22":{"start":{"line":48,"column":14},"end":{"line":53,"column":9}},"23":{"start":{"line":49,"column":26},"end":{"line":49,"column":61}},"24":{"start":{"line":50,"column":12},"end":{"line":50,"column":37}},"25":{"start":{"line":51,"column":13},"end":{"line":51,"column":36}},"26":{"start":{"line":55,"column":9},"end":{"line":55,"column":32}},"27":{"start":{"line":58,"column":33},"end":{"line":58,"column":94}},"28":{"start":{"line":59,"column":8},"end":{"line":59,"column":64}},"29":{"start":{"line":60,"column":8},"end":{"line":60,"column":52}},"30":{"start":{"line":61,"column":8},"end":{"line":61,"column":58}},"31":{"start":{"line":62,"column":8},"end":{"line":62,"column":64}},"32":{"start":{"line":63,"column":8},"end":{"line":63,"column":22}},"33":{"start":{"line":73,"column":8},"end":{"line":73,"column":34}},"34":{"start":{"line":81,"column":8},"end":{"line":81,"column":31}},"35":{"start":{"line":89,"column":8},"end":{"line":89,"column":28}},"36":{"start":{"line":97,"column":8},"end":{"line":97,"column":34}},"37":{"start":{"line":105,"column":8},"end":{"line":105,"column":26}},"38":{"start":{"line":113,"column":8},"end":{"line":113,"column":28}},"39":{"start":{"line":121,"column":8},"end":{"line":121,"column":25}},"40":{"start":{"line":129,"column":8},"end":{"line":129,"column":24}},"41":{"start":{"line":137,"column":8},"end":{"line":137,"column":25}},"42":{"start":{"line":145,"column":8},"end":{"line":145,"column":23}},"43":{"start":{"line":153,"column":8},"end":{"line":153,"column":28}},"44":{"start":{"line":162,"column":8},"end":{"line":164,"column":9}},"45":{"start":{"line":163,"column":12},"end":{"line":163,"column":24}},"46":{"start":{"line":165,"column":8},"end":{"line":165,"column":21}},"47":{"start":{"line":169,"column":0},"end":{"line":169,"column":24}}},"fnMap":{"0":{"name":"(anonymous_0)","decl":{"start":{"line":16,"column":4},"end":{"line":16,"column":5}},"loc":{"start":{"line":16,"column":25},"end":{"line":18,"column":5}},"line":16},"1":{"name":"(anonymous_1)","decl":{"start":{"line":26,"column":4},"end":{"line":26,"column":5}},"loc":{"start":{"line":26,"column":53},"end":{"line":64,"column":5}},"line":26},"2":{"name":"(anonymous_2)","decl":{"start":{"line":72,"column":4},"end":{"line":72,"column":5}},"loc":{"start":{"line":72,"column":18},"end":{"line":74,"column":5}},"line":72},"3":{"name":"(anonymous_3)","decl":{"start":{"line":80,"column":4},"end":{"line":80,"column":5}},"loc":{"start":{"line":80,"column":15},"end":{"line":82,"column":5}},"line":80},"4":{"name":"(anonymous_4)","decl":{"start":{"line":88,"column":4},"end":{"line":88,"column":5}},"loc":{"start":{"line":88,"column":12},"end":{"line":90,"column":5}},"line":88},"5":{"name":"(anonymous_5)","decl":{"start":{"line":96,"column":4},"end":{"line":96,"column":5}},"loc":{"start":{"line":96,"column":18},"end":{"line":98,"column":5}},"line":96},"6":{"name":"(anonymous_6)","decl":{"start":{"line":104,"column":4},"end":{"line":104,"column":5}},"loc":{"start":{"line":104,"column":14},"end":{"line":106,"column":5}},"line":104},"7":{"name":"(anonymous_7)","decl":{"start":{"line":112,"column":4},"end":{"line":112,"column":5}},"loc":{"start":{"line":112,"column":20},"end":{"line":114,"column":5}},"line":112},"8":{"name":"(anonymous_8)","decl":{"start":{"line":120,"column":4},"end":{"line":120,"column":5}},"loc":{"start":{"line":120,"column":13},"end":{"line":122,"column":5}},"line":120},"9":{"name":"(anonymous_9)","decl":{"start":{"line":128,"column":4},"end":{"line":128,"column":5}},"loc":{"start":{"line":128,"column":12},"end":{"line":130,"column":5}},"line":128},"10":{"name":"(anonymous_10)","decl":{"start":{"line":136,"column":4},"end":{"line":136,"column":5}},"loc":{"start":{"line":136,"column":13},"end":{"line":138,"column":5}},"line":136},"11":{"name":"(anonymous_11)","decl":{"start":{"line":144,"column":4},"end":{"line":144,"column":5}},"loc":{"start":{"line":144,"column":11},"end":{"line":146,"column":5}},"line":144},"12":{"name":"(anonymous_12)","decl":{"start":{"line":152,"column":4},"end":{"line":152,"column":5}},"loc":{"start":{"line":152,"column":16},"end":{"line":154,"column":5}},"line":152},"13":{"name":"(anonymous_13)","decl":{"start":{"line":161,"column":4},"end":{"line":161,"column":5}},"loc":{"start":{"line":161,"column":15},"end":{"line":166,"column":5}},"line":161}},"branchMap":{"0":{"loc":{"start":{"line":42,"column":8},"end":{"line":53,"column":9}},"type":"if","locations":[{"start":{"line":42,"column":8},"end":{"line":53,"column":9}},{"start":{"line":42,"column":8},"end":{"line":53,"column":9}}],"line":42},"1":{"loc":{"start":{"line":48,"column":14},"end":{"line":53,"column":9}},"type":"if","locations":[{"start":{"line":48,"column":14},"end":{"line":53,"column":9}},{"start":{"line":48,"column":14},"end":{"line":53,"column":9}}],"line":48},"2":{"loc":{"start":{"line":162,"column":8},"end":{"line":164,"column":9}},"type":"if","locations":[{"start":{"line":162,"column":8},"end":{"line":164,"column":9}},{"start":{"line":162,"column":8},"end":{"line":164,"column":9}}],"line":162},"3":{"loc":{"start":{"line":162,"column":11},"end":{"line":162,"column":69}},"type":"binary-expr","locations":[{"start":{"line":162,"column":11},"end":{"line":162,"column":38}},{"start":{"line":162,"column":42},"end":{"line":162,"column":69}}],"line":162}},"s":{"0":1,"1":1,"2":1,"3":1,"4":1,"5":1,"6":3,"7":3,"8":3,"9":3,"10":3,"11":3,"12":3,"13":3,"14":3,"15":3,"16":3,"17":3,"18":3,"19":3,"20":3,"21":3,"22":0,"23":0,"24":0,"25":0,"26":3,"27":3,"28":3,"29":3,"30":3,"31":3,"32":3,"33":0,"34":1,"35":1,"36":1,"37":1,"38":1,"39":1,"40":1,"41":1,"42":0,"43":1,"44":0,"45":0,"46":0,"47":1},"f":{"0":3,"1":3,"2":0,"3":1,"4":1,"5":1,"6":1,"7":1,"8":1,"9":1,"10":1,"11":0,"12":1,"13":0},"b":{"0":[3,0],"1":[0,0],"2":[0,0],"3":[0,0]},"_coverageSchema":"332fd63041d2c1bcb487cc26dd0d5f7d97098a6c","hash":"993d77fdfee266c52d776db3ad0c83d3ce6c0312"}
}
